test - INFO - 2018-05-11 14:08:37,520 - info
test - WARNING - 2018-05-11 14:08:37,521 - warning
test - INFO - 2018-05-11 14:15:36,864 - info
test - WARNING - 2018-05-11 14:15:36,864 - warning
2018-05-11 15:38:32,788 - INFO - test - info
2018-05-11 15:38:32,790 - WARNING - test - warning
2018-05-12 14:02:10,812 - WARNING - /Users/zhouzhirui/project/Task-Oriented-Chatbot/chatbot/preprocessing/seg.py - cut function only support list, but str input
2018-05-12 14:04:17,841 - WARNING - /Users/zhouzhirui/project/Task-Oriented-Chatbot/chatbot/preprocessing/seg.py - cut function only support list, but str input
2018-05-12 14:04:38,900 - WARNING - /Users/zhouzhirui/project/Task-Oriented-Chatbot/chatbot/preprocessing/seg.py - cut function only support list, but str input
2018-05-12 14:06:33,545 - WARNING - /Users/zhouzhirui/project/Task-Oriented-Chatbot/chatbot/preprocessing/seg.py - cut function only support list, but str input
2018-05-12 14:07:54,831 - WARNING - /Users/zhouzhirui/project/Task-Oriented-Chatbot/chatbot/preprocessing/seg.py - cut function only support list, but str input
2018-05-12 14:08:06,495 - WARNING - /Users/zhouzhirui/project/Task-Oriented-Chatbot/chatbot/preprocessing/seg.py - cut function only support list, but str input
2018-05-12 14:15:20,799 - WARNING - /Users/zhouzhirui/project/Task-Oriented-Chatbot/chatbot/preprocessing/seg.py - cut function only support list, but str input
2018-05-12 14:24:53,965 - INFO - timing - cutrunning 0.00 min
2018-05-12 14:25:05,766 - INFO - timing - cutrunning 0.02 min
2018-05-12 14:25:19,918 - INFO - timing - cutrunning 0.02 min
2018-05-12 14:25:23,120 - INFO - timing - cutrunning 0.05 min
2018-05-12 14:43:44,202 - INFO - timing - cut running 0.02 min
2018-05-12 14:43:47,332 - INFO - timing - cut running 0.05 min
2018-05-12 16:42:41,381 - INFO - timing - cut running 0.02 min
2018-05-12 16:42:44,597 - INFO - timing - cut running 0.05 min
2018-05-12 16:43:01,874 - INFO - timing - cut2 running 0.05 min
2018-05-12 16:43:18,244 - INFO - timing - cut2 running 0.15 min
2018-05-12 16:52:32,137 - INFO - timing - cut running 0.02 min
2018-05-12 18:51:15,250 - INFO - word2vec - saved %d articles
2018-05-12 18:51:28,049 - INFO - word2vec - saved %d articles
2018-05-12 18:51:38,493 - INFO - word2vec - saved %d articles
2018-05-12 18:51:47,924 - INFO - word2vec - saved %d articles
2018-05-12 18:51:57,531 - INFO - word2vec - saved %d articles
2018-05-12 18:52:07,621 - INFO - word2vec - saved %d articles
2018-05-12 18:52:17,952 - INFO - word2vec - saved %d articles
2018-05-12 18:52:27,586 - INFO - word2vec - saved %d articles
2018-05-12 18:52:37,286 - INFO - word2vec - saved %d articles
2018-05-12 18:52:46,928 - INFO - word2vec - saved %d articles
2018-05-12 18:52:57,786 - INFO - word2vec - saved %d articles
2018-05-12 18:53:11,796 - INFO - word2vec - saved %d articles
2018-05-12 18:53:24,355 - INFO - word2vec - saved %d articles
2018-05-12 18:53:37,300 - INFO - word2vec - saved %d articles
2018-05-12 18:53:50,773 - INFO - word2vec - saved %d articles
2018-05-12 18:54:04,844 - INFO - word2vec - saved %d articles
2018-05-12 18:54:18,335 - INFO - word2vec - saved %d articles
2018-05-12 18:54:30,971 - INFO - word2vec - saved %d articles
2018-05-12 18:54:44,991 - INFO - word2vec - saved %d articles
2018-05-12 18:55:51,071 - INFO - word2vec - saved %d articles
2018-05-12 18:56:18,241 - INFO - word2vec - saved %d articles
2018-05-12 18:56:39,267 - INFO - word2vec - saved %d articles
2018-05-12 18:56:55,719 - INFO - word2vec - saved %d articles
2018-05-12 18:57:12,259 - INFO - word2vec - saved %d articles
2018-05-12 18:57:29,368 - INFO - word2vec - saved %d articles
2018-05-12 18:57:48,192 - INFO - word2vec - saved %d articles
2018-05-12 18:58:04,657 - INFO - word2vec - saved %d articles
2018-05-12 18:58:22,216 - INFO - word2vec - saved %d articles
2018-05-12 18:58:38,288 - INFO - word2vec - saved %d articles
2018-05-12 18:58:52,480 - INFO - word2vec - saved %d articles
2018-05-12 18:59:09,607 - INFO - word2vec - saved %d articles
2018-05-12 18:59:28,188 - INFO - word2vec - saved %d articles
2018-05-12 18:59:36,096 - INFO - word2vec - Finished extract wiki, Saved in wiki.simple_cn.corpus
2018-05-12 18:59:36,096 - INFO - timing - wiki_extract running 18.36 min
2018-05-14 14:35:08,012 - INFO - Text Preprocessing T2S - t2s 0 lines complete
2018-05-14 14:35:08,042 - INFO - Text Preprocessing T2S - Finished Text T2S
2018-05-14 14:35:08,042 - INFO - Time Counter - traditional2simple running 0.00 min
2018-05-14 14:36:36,007 - INFO - Text Preprocessing T2S - t2s 0 lines complete
2018-05-14 14:36:44,902 - INFO - Text Preprocessing T2S - t2s 10000 lines complete
2018-05-14 14:36:50,304 - INFO - Text Preprocessing T2S - t2s 20000 lines complete
2018-05-14 14:36:54,970 - INFO - Text Preprocessing T2S - t2s 30000 lines complete
2018-05-14 14:36:59,347 - INFO - Text Preprocessing T2S - t2s 40000 lines complete
2018-05-14 14:37:03,819 - INFO - Text Preprocessing T2S - t2s 50000 lines complete
2018-05-14 14:37:07,700 - INFO - Text Preprocessing T2S - t2s 60000 lines complete
2018-05-14 14:37:11,318 - INFO - Text Preprocessing T2S - t2s 70000 lines complete
2018-05-14 14:37:14,737 - INFO - Text Preprocessing T2S - t2s 80000 lines complete
2018-05-14 14:37:18,155 - INFO - Text Preprocessing T2S - t2s 90000 lines complete
2018-05-14 14:37:21,505 - INFO - Text Preprocessing T2S - t2s 100000 lines complete
2018-05-14 14:37:24,676 - INFO - Text Preprocessing T2S - t2s 110000 lines complete
2018-05-14 14:37:27,516 - INFO - Text Preprocessing T2S - t2s 120000 lines complete
2018-05-14 14:37:31,280 - INFO - Text Preprocessing T2S - t2s 130000 lines complete
2018-05-14 14:37:34,302 - INFO - Text Preprocessing T2S - t2s 140000 lines complete
2018-05-14 14:37:37,910 - INFO - Text Preprocessing T2S - t2s 150000 lines complete
2018-05-14 14:37:40,949 - INFO - Text Preprocessing T2S - t2s 160000 lines complete
2018-05-14 14:37:44,142 - INFO - Text Preprocessing T2S - t2s 170000 lines complete
2018-05-14 14:37:46,995 - INFO - Text Preprocessing T2S - t2s 180000 lines complete
2018-05-14 14:37:49,627 - INFO - Text Preprocessing T2S - t2s 190000 lines complete
2018-05-14 14:37:52,369 - INFO - Text Preprocessing T2S - t2s 200000 lines complete
2018-05-14 14:37:55,004 - INFO - Text Preprocessing T2S - t2s 210000 lines complete
2018-05-14 14:37:57,988 - INFO - Text Preprocessing T2S - t2s 220000 lines complete
2018-05-14 14:38:00,983 - INFO - Text Preprocessing T2S - t2s 230000 lines complete
2018-05-14 14:38:03,607 - INFO - Text Preprocessing T2S - t2s 240000 lines complete
2018-05-14 14:38:07,193 - INFO - Text Preprocessing T2S - t2s 250000 lines complete
2018-05-14 14:38:10,749 - INFO - Text Preprocessing T2S - t2s 260000 lines complete
2018-05-14 14:38:14,030 - INFO - Text Preprocessing T2S - t2s 270000 lines complete
2018-05-14 14:38:17,087 - INFO - Text Preprocessing T2S - t2s 280000 lines complete
2018-05-14 14:38:19,709 - INFO - Text Preprocessing T2S - t2s 290000 lines complete
2018-05-14 14:38:22,325 - INFO - Text Preprocessing T2S - t2s 300000 lines complete
2018-05-14 14:38:27,941 - INFO - Text Preprocessing T2S - t2s 310000 lines complete
2018-05-14 14:38:30,357 - INFO - Text Preprocessing T2S - Finished Text T2S
2018-05-14 14:38:30,357 - INFO - Time Counter - traditional2simple running 1.95 min
